Using pre-set license
Built from '2020.3/staging' branch; Version is '2020.3.13f1 (71691879b7f5) revision 7432472'; Using compiler version '192528614'; Build Type 'Release'
OS: 'Windows 10 Pro; OS build 19043.1110; Version 2009; 64bit' Language: 'ko' Physical Memory: 32676 MB
BatchMode: 1, IsHumanControllingUs: 0, StartBugReporterOnCrash: 0, Is64bit: 1, IsPro: 0

 COMMAND LINE ARGUMENTS:
E:\Unity\2020.3.13f1\Editor\Unity.exe
-adb2
-batchMode
-noUpm
-name
AssetImportWorker0
-projectPath
C:/UnityProject/Study/StudyUI
-logFile
Logs/AssetImportWorker0.log
-srvPort
11808
Successfully changed project path to: C:/UnityProject/Study/StudyUI
C:/UnityProject/Study/StudyUI
Using Asset Import Pipeline V2.
Refreshing native plugins compatible for Editor in 12.76 ms, found 0 plugins.
Preloading 0 native plugins for Editor in 0.00 ms.
Initialize engine version: 2020.3.13f1 (71691879b7f5)
[Subsystems] Discovering subsystems at path E:/Unity/2020.3.13f1/Editor/Data/Resources/UnitySubsystems
[Subsystems] Discovering subsystems at path C:/UnityProject/Study/StudyUI/Assets
GfxDevice: creating device client; threaded=0
Direct3D:
    Version:  Direct3D 11.0 [level 11.1]
    Renderer: NVIDIA GeForce GTX 1060 3GB (ID=0x1b84)
    Vendor:   
    VRAM:     2988 MB
    Driver:   27.21.14.5671
Initialize mono
Mono path[0] = 'E:/Unity/2020.3.13f1/Editor/Data/Managed'
Mono path[1] = 'E:/Unity/2020.3.13f1/Editor/Data/MonoBleedingEdge/lib/mono/unityjit'
Mono config path = 'E:/Unity/2020.3.13f1/Editor/Data/MonoBleedingEdge/etc'
Using monoOptions --debugger-agent=transport=dt_socket,embedding=1,server=y,suspend=n,address=127.0.0.1:56260
Begin MonoManager ReloadAssembly
Registering precompiled unity dll's ...
Register platform support module: E:/Unity/2020.3.13f1/Editor/Data/PlaybackEngines/WindowsStandaloneSupport/UnityEditor.WindowsStandalone.Extensions.dll
Registered in 0.000729 seconds.
Native extension for WindowsStandalone target not found
Refreshing native plugins compatible for Editor in 13.40 ms, found 0 plugins.
Preloading 0 native plugins for Editor in 0.00 ms.
Mono: successfully reloaded assembly
- Completed reload, in  1.245 seconds
Platform modules already initialized, skipping
Registering precompiled user dll's ...
Registered in 0.000385 seconds.
Begin MonoManager ReloadAssembly
Native extension for WindowsStandalone target not found
Refreshing native plugins compatible for Editor in 0.13 ms, found 0 plugins.
Preloading 0 native plugins for Editor in 0.00 ms.
Mono: successfully reloaded assembly
- Completed reload, in  0.512 seconds
Platform modules already initialized, skipping
========================================================================
Worker process is ready to serve import requests
Launched and connected shader compiler UnityShaderCompiler.exe after 0.04 seconds
Refreshing native plugins compatible for Editor in 0.13 ms, found 0 plugins.
Preloading 0 native plugins for Editor in 0.00 ms.
Unloading 675 Unused Serialized files (Serialized files now loaded: 0)
System memory in use before: 47.0 MB.
System memory in use after: 47.0 MB.

Unloading 9 unused Assets to reduce memory usage. Loaded Objects now: 1116.
Total: 1.184500 ms (FindLiveObjects: 0.066000 ms CreateObjectMapping: 0.012600 ms MarkObjects: 1.052300 ms  DeleteObjects: 0.053100 ms)

AssetImportParameters requested are different than current active one (requested -> active):
  custom:framework-win-MediaFoundation: 216162199b28c13a410421893ffa2e32 -> 
  custom:video-decoder-ogg-theora: a1e56fd34408186e4bbccfd4996cb3dc -> 
  custom:container-muxer-webm: aa71ff27fc2769a1b78a27578f13a17b -> 
  custom:container-demuxer-webm: 4f35f7cbe854078d1ac9338744f61a02 -> 
  custom:container-demuxer-ogg: 62fdf1f143b41e24485cea50d1cbac27 -> 
  custom:video-encoder-webm-vp8: eb34c28f22e8b96e1ab97ce403110664 -> 
  custom:video-decoder-webm-vp8: 9c59270c3fd7afecdb556c50c9e8de78 -> 
  custom:audio-decoder-ogg-vorbis: bf7c407c2cedff20999df2af8eb42d56 -> 
  custom:audio-encoder-webm-vorbis: bf7c407c2cedff20999df2af8eb42d56 -> 
========================================================================
Received Import Request.
  path: Assets/Images/box_b.png
  artifactKey: Guid(7ff78b329f164464ea5df9a3227b3f0d) Importer(815301076,1909f56bfc062723c751e8b465ee728b)
Start importing Assets/Images/box_b.png using Guid(7ff78b329f164464ea5df9a3227b3f0d) Importer(815301076,1909f56bfc062723c751e8b465ee728b)  -> (artifact id: '5ab8399aaedae6bb5d9130f8ff9da8f0') in 0.090271 seconds 
  Import took 0.091379 seconds .

========================================================================
Received Import Request.
  Time since last request: 0.000125 seconds.
  path: Assets/Images/btn_c_grey.png
  artifactKey: Guid(6e66bb159c14d844580544244bf0d9d5) Importer(815301076,1909f56bfc062723c751e8b465ee728b)
Start importing Assets/Images/btn_c_grey.png using Guid(6e66bb159c14d844580544244bf0d9d5) Importer(815301076,1909f56bfc062723c751e8b465ee728b)  -> (artifact id: 'a274c24536fdb6969c0fdb067bad619d') in 0.006716 seconds 
  Import took 0.007430 seconds .

========================================================================
Received Import Request.
  Time since last request: 0.000091 seconds.
  path: Assets/Images/PrototypeGrid.png
  artifactKey: Guid(28a7dbb0ea8926244849d8beae45da02) Importer(815301076,1909f56bfc062723c751e8b465ee728b)
Start importing Assets/Images/PrototypeGrid.png using Guid(28a7dbb0ea8926244849d8beae45da02) Importer(815301076,1909f56bfc062723c751e8b465ee728b)  -> (artifact id: '6e159d37eb7ca03df1ee6695fd35e9a6') in 0.008336 seconds 
  Import took 0.009157 seconds .

========================================================================
Received Import Request.
  Time since last request: 0.850143 seconds.
  path: Assets/Images
  artifactKey: Guid(359c403ddb44b784991140497dda5688) Importer(815301076,1909f56bfc062723c751e8b465ee728b)
Start importing Assets/Images using Guid(359c403ddb44b784991140497dda5688) Importer(815301076,1909f56bfc062723c751e8b465ee728b)  -> (artifact id: '85a66947ed160dffb45dc8ee3fbdaf80') in 0.001659 seconds 
  Import took 0.002549 seconds .

========================================================================
Received Import Request.
  Time since last request: 0.000314 seconds.
  path: Assets/Images
  artifactKey: Guid(359c403ddb44b784991140497dda5688) Importer(815301076,1909f56bfc062723c751e8b465ee728b)
Start importing Assets/Images using Guid(359c403ddb44b784991140497dda5688) Importer(815301076,1909f56bfc062723c751e8b465ee728b)  -> (artifact id: '85a66947ed160dffb45dc8ee3fbdaf80') in 0.001377 seconds 
  Import took 0.002023 seconds .

========================================================================
Received Prepare
Registering precompiled user dll's ...
Registered in 0.000383 seconds.
Begin MonoManager ReloadAssembly
Native extension for WindowsStandalone target not found
Refreshing native plugins compatible for Editor in 0.13 ms, found 0 plugins.
Preloading 0 native plugins for Editor in 0.00 ms.
Mono: successfully reloaded assembly
- Completed reload, in  0.528 seconds
Platform modules already initialized, skipping
Refreshing native plugins compatible for Editor in 0.11 ms, found 0 plugins.
Preloading 0 native plugins for Editor in 0.00 ms.
Unloading 671 Unused Serialized files (Serialized files now loaded: 0)
System memory in use before: 50.0 MB.
System memory in use after: 50.1 MB.

Unloading 5 unused Assets to reduce memory usage. Loaded Objects now: 1129.
Total: 1.552900 ms (FindLiveObjects: 0.078300 ms CreateObjectMapping: 0.015400 ms MarkObjects: 1.409200 ms  DeleteObjects: 0.048700 ms)

AssetImportParameters requested are different than current active one (requested -> active):
  custom:framework-win-MediaFoundation: 216162199b28c13a410421893ffa2e32 -> 
  custom:video-decoder-ogg-theora: a1e56fd34408186e4bbccfd4996cb3dc -> 
  custom:container-muxer-webm: aa71ff27fc2769a1b78a27578f13a17b -> 
  custom:container-demuxer-webm: 4f35f7cbe854078d1ac9338744f61a02 -> 
  custom:container-demuxer-ogg: 62fdf1f143b41e24485cea50d1cbac27 -> 
  custom:video-encoder-webm-vp8: eb34c28f22e8b96e1ab97ce403110664 -> 
  custom:video-decoder-webm-vp8: 9c59270c3fd7afecdb556c50c9e8de78 -> 
  custom:audio-decoder-ogg-vorbis: bf7c407c2cedff20999df2af8eb42d56 -> 
  custom:audio-encoder-webm-vorbis: bf7c407c2cedff20999df2af8eb42d56 -> 
